C:\USERS\BILAL\DESKTOP\GAMES-MASTER\GAMES\DEBUG\CRANDOM.OBJ
C:\USERS\BILAL\DESKTOP\GAMES-MASTER\GAMES\DEBUG\CSCREEN.OBJ
C:\USERS\BILAL\DESKTOP\GAMES-MASTER\GAMES\DEBUG\GAME.OBJ
C:\USERS\BILAL\DESKTOP\GAMES-MASTER\GAMES\DEBUG\MAIN.OBJ
C:\USERS\BILAL\DESKTOP\GAMES-MASTER\GAMES\DEBUG\WHEELOFMISFORTUNE.OBJ
C:\USERS\BILAL\DESKTOP\GAMES-MASTER\GAMES\DEBUG\VC110.PDB
C:\USERS\BILAL\DESKTOP\GAMES-MASTER\DEBUG\GAMES.ILK
C:\USERS\BILAL\DESKTOP\GAMES-MASTER\DEBUG\GAMES.EXE
C:\USERS\BILAL\DESKTOP\GAMES-MASTER\DEBUG\GAMES.PDB
C:\Users\Bilal\Desktop\games-master\Games\Debug\CRandom.obj
C:\Users\Bilal\Desktop\games-master\Games\Debug\CScreen.obj
C:\Users\Bilal\Desktop\games-master\Games\Debug\Game.obj
C:\Users\Bilal\Desktop\games-master\Games\Debug\main.obj
C:\Users\Bilal\Desktop\games-master\Games\Debug\wheelOfMisfortune.obj
C:\Users\Bilal\Desktop\games-master\Games\Debug\cl.command.1.tlog
C:\Users\Bilal\Desktop\games-master\Games\Debug\CL.read.1.tlog
C:\Users\Bilal\Desktop\games-master\Games\Debug\CL.write.1.tlog
C:\Users\Bilal\Desktop\games-master\Games\Debug\link-cvtres.read.1.tlog
C:\Users\Bilal\Desktop\games-master\Games\Debug\link-cvtres.write.1.tlog
C:\Users\Bilal\Desktop\games-master\Games\Debug\link-rc.read.1.tlog
C:\Users\Bilal\Desktop\games-master\Games\Debug\link-rc.write.1.tlog
C:\Users\Bilal\Desktop\games-master\Games\Debug\link.2380-cvtres.read.1.tlog
C:\Users\Bilal\Desktop\games-master\Games\Debug\link.2380-cvtres.write.1.tlog
C:\Users\Bilal\Desktop\games-master\Games\Debug\link.2380-rc.read.1.tlog
C:\Users\Bilal\Desktop\games-master\Games\Debug\link.2380-rc.write.1.tlog
C:\Users\Bilal\Desktop\games-master\Games\Debug\link.2380.read.1.tlog
C:\Users\Bilal\Desktop\games-master\Games\Debug\link.2380.write.1.tlog
C:\Users\Bilal\Desktop\games-master\Games\Debug\link.25236-cvtres.read.1.tlog
C:\Users\Bilal\Desktop\games-master\Games\Debug\link.25236-cvtres.write.1.tlog
C:\Users\Bilal\Desktop\games-master\Games\Debug\link.25236-rc.read.1.tlog
C:\Users\Bilal\Desktop\games-master\Games\Debug\link.25236-rc.write.1.tlog
C:\Users\Bilal\Desktop\games-master\Games\Debug\link.25236.read.1.tlog
C:\Users\Bilal\Desktop\games-master\Games\Debug\link.25236.write.1.tlog
C:\Users\Bilal\Desktop\games-master\Games\Debug\link.7568-cvtres.read.1.tlog
C:\Users\Bilal\Desktop\games-master\Games\Debug\link.7568-cvtres.write.1.tlog
C:\Users\Bilal\Desktop\games-master\Games\Debug\link.7568-rc.read.1.tlog
C:\Users\Bilal\Desktop\games-master\Games\Debug\link.7568-rc.write.1.tlog
C:\Users\Bilal\Desktop\games-master\Games\Debug\link.7568.read.1.tlog
C:\Users\Bilal\Desktop\games-master\Games\Debug\link.7568.write.1.tlog
C:\Users\Bilal\Desktop\games-master\Games\Debug\link.command.1.tlog
C:\Users\Bilal\Desktop\games-master\Games\Debug\link.read.1.tlog
C:\Users\Bilal\Desktop\games-master\Games\Debug\link.write.1.tlog
C:\Users\Bilal\Desktop\games-master\Games\Debug\vc110.idb
C:\Users\Bilal\Desktop\games-master\Games\Debug\vc110.pdb
C:\Users\Bilal\Desktop\games-master\Debug\Games.pdb
C:\Users\Bilal\Desktop\games-master\Debug\Games.exe
C:\Users\Bilal\Desktop\games-master\Debug\Games.ilk
